{
  "RSpec": {
    "coverage": {
      "/Users/seancowans/tacticalwarefare/tactical_warfare/config/environment.rb": {
        "lines": [
          null,
          1,
          null,
          null,
          1
        ]
      },
      "/Users/seancowans/tacticalwarefare/tactical_warfare/config/application.rb": {
        "lines": [
          1,
          null,
          1,
          null,
          null,
          null,
          1,
          null,
          1,
          1,
          null,
          1,
          null,
          null,
          null,
          null,
          null,
          null,
          null,
          null,
          null,
          null
        ]
      },
      "/Users/seancowans/tacticalwarefare/tactical_warfare/config/boot.rb": {
        "lines": [
          1,
          null,
          1,
          1
        ]
      },
      "/Users/seancowans/tacticalwarefare/tactical_warfare/config/environments/test.rb": {
        "lines": [
          1,
          null,
          null,
          null,
          null,
          null,
          null,
          1,
          null,
          null,
          null,
          1,
          null,
          null,
          null,
          null,
          1,
          null,
          null,
          1,
          1,
          null,
          null,
          null,
          null,
          1,
          1,
          1,
          null,
          null,
          1,
          null,
          null,
          1,
          null,
          null,
          1,
          null,
          1,
          null,
          null,
          null,
          null,
          1,
          null,
          null,
          1,
          null,
          null,
          1,
          null,
          null,
          1,
          null,
          null,
          null,
          null,
          null,
          null,
          1,
          null
        ]
      },
      "/Users/seancowans/tacticalwarefare/tactical_warfare/config/initializers/assets.rb": {
        "lines": [
          null,
          null,
          null,
          1,
          null,
          null,
          null,
          null,
          null,
          null,
          null,
          null
        ]
      },
      "/Users/seancowans/tacticalwarefare/tactical_warfare/config/initializers/content_security_policy.rb": {
        "lines": [
          null,
          null,
          null,
          null,
          null,
          null,
          null,
          null,
          null,
          null,
          null,
          null,
          null,
          null,
          null,
          null,
          null,
          null,
          null,
          null,
          null,
          null,
          null,
          null,
          null
        ]
      },
      "/Users/seancowans/tacticalwarefare/tactical_warfare/config/initializers/filter_parameter_logging.rb": {
        "lines": [
          null,
          null,
          null,
          null,
          null,
          1,
          null,
          null
        ]
      },
      "/Users/seancowans/tacticalwarefare/tactical_warfare/config/initializers/inflections.rb": {
        "lines": [
          null,
          null,
          null,
          null,
          null,
          null,
          null,
          null,
          null,
          null,
          null,
          null,
          null,
          null,
          null,
          null
        ]
      },
      "/Users/seancowans/tacticalwarefare/tactical_warfare/config/initializers/permissions_policy.rb": {
        "lines": [
          null,
          null,
          null,
          null,
          null,
          null,
          null,
          null,
          null,
          null,
          null
        ]
      },
      "/Users/seancowans/tacticalwarefare/tactical_warfare/spec/factories/active_sessions.rb": {
        "lines": [
          1,
          1,
          1,
          null,
          null
        ]
      },
      "/Users/seancowans/tacticalwarefare/tactical_warfare/spec/factories/users.rb": {
        "lines": [
          1,
          1,
          1,
          null,
          null
        ]
      },
      "/Users/seancowans/tacticalwarefare/tactical_warfare/config/routes.rb": {
        "lines": [
          1,
          1,
          1,
          1,
          1,
          1,
          1,
          1,
          1,
          1,
          1,
          1,
          1,
          1,
          1,
          null,
          null,
          1,
          1,
          null,
          1,
          null
        ]
      },
      "/Users/seancowans/tacticalwarefare/tactical_warfare/app/helpers/active_sessions_helper.rb": {
        "lines": [
          1,
          null
        ]
      },
      "/Users/seancowans/tacticalwarefare/tactical_warfare/app/helpers/application_helper.rb": {
        "lines": [
          1,
          null
        ]
      },
      "/Users/seancowans/tacticalwarefare/tactical_warfare/app/helpers/confirmations_helper.rb": {
        "lines": [
          1,
          null
        ]
      },
      "/Users/seancowans/tacticalwarefare/tactical_warfare/app/helpers/passwords_helper.rb": {
        "lines": [
          1,
          null
        ]
      },
      "/Users/seancowans/tacticalwarefare/tactical_warfare/app/helpers/sessions_helper.rb": {
        "lines": [
          1,
          null
        ]
      },
      "/Users/seancowans/tacticalwarefare/tactical_warfare/app/helpers/static_pages_helper.rb": {
        "lines": [
          1,
          null
        ]
      },
      "/Users/seancowans/tacticalwarefare/tactical_warfare/app/helpers/users_helper.rb": {
        "lines": [
          1,
          null
        ]
      },
      "/Users/seancowans/tacticalwarefare/tactical_warfare/app/helpers/welcome_helper.rb": {
        "lines": [
          1,
          null
        ]
      },
      "/Users/seancowans/tacticalwarefare/tactical_warfare/app/models/user.rb": {
        "lines": [
          1,
          1,
          1,
          null,
          1,
          1,
          null,
          1,
          null,
          1,
          1,
          null,
          1,
          1,
          1,
          1,
          1,
          null,
          null,
          1,
          1,
          null,
          1,
          2,
          4,
          null,
          null,
          2,
          2,
          2,
          4,
          null,
          0,
          null,
          null,
          null,
          null,
          1,
          4,
          4,
          0,
          null,
          4,
          null,
          0,
          null,
          null,
          null,
          1,
          0,
          0,
          null,
          0,
          null,
          null,
          null,
          1,
          0,
          null,
          null,
          1,
          4,
          null,
          null,
          1,
          6,
          null,
          null,
          1,
          0,
          null,
          null,
          1,
          6,
          null,
          null,
          1,
          0,
          0,
          null,
          null,
          1,
          0,
          null,
          null,
          1,
          0,
          0,
          null,
          null,
          1,
          null,
          1,
          4,
          4,
          null,
          null,
          null,
          1,
          4,
          0,
          null,
          null
        ]
      },
      "/Users/seancowans/tacticalwarefare/tactical_warfare/app/models/application_record.rb": {
        "lines": [
          1,
          1,
          null
        ]
      },
      "/Users/seancowans/tacticalwarefare/tactical_warfare/app/controllers/static_pages_controller.rb": {
        "lines": [
          1,
          1,
          2,
          null,
          null
        ]
      },
      "/Users/seancowans/tacticalwarefare/tactical_warfare/app/controllers/application_controller.rb": {
        "lines": [
          1,
          1,
          null,
          1,
          null,
          1,
          0,
          null,
          null
        ]
      },
      "/Users/seancowans/tacticalwarefare/tactical_warfare/app/controllers/concerns/authentication.rb": {
        "lines": [
          1,
          1,
          null,
          1,
          1,
          1,
          1,
          null,
          null,
          1,
          4,
          4,
          4,
          null,
          4,
          null,
          null,
          1,
          0,
          0,
          0,
          null,
          null,
          1,
          0,
          null,
          null,
          1,
          0,
          null,
          null,
          1,
          0,
          null,
          null,
          1,
          0,
          0,
          null,
          null,
          1,
          0,
          null,
          null,
          null,
          1,
          0,
          0,
          null,
          null,
          1,
          null,
          1,
          14,
          6,
          8,
          0,
          null,
          null,
          null,
          1,
          2,
          null,
          null,
          1,
          0,
          null,
          null,
          null
        ]
      },
      "/Users/seancowans/tacticalwarefare/tactical_warfare/app/models/current.rb": {
        "lines": [
          1,
          1,
          null
        ]
      },
      "/Users/seancowans/tacticalwarefare/tactical_warfare/app/controllers/sessions_controller.rb": {
        "lines": [
          1,
          1,
          null,
          1,
          2,
          2,
          2,
          0,
          null,
          2,
          2,
          2,
          2,
          2,
          null,
          null,
          0,
          0,
          null,
          null,
          null,
          1,
          0,
          0,
          0,
          0,
          null,
          null,
          1,
          2,
          0,
          0,
          0,
          null,
          null,
          null,
          null
        ]
      },
      "/Users/seancowans/tacticalwarefare/tactical_warfare/app/models/active_session.rb": {
        "lines": [
          1,
          1,
          1,
          null
        ]
      },
      "/Users/seancowans/tacticalwarefare/tactical_warfare/app/controllers/users_controller.rb": {
        "lines": [
          1,
          1,
          1,
          null,
          1,
          0,
          0,
          0,
          0,
          null,
          0,
          null,
          null,
          null,
          1,
          0,
          0,
          0,
          0,
          null,
          0,
          null,
          null,
          1,
          0,
          0,
          0,
          null,
          null,
          1,
          0,
          0,
          null,
          null,
          1,
          0,
          0,
          0,
          0,
          0,
          0,
          0,
          null,
          0,
          null,
          null,
          0,
          null,
          null,
          0,
          0,
          null,
          null,
          null,
          1,
          2,
          2,
          1,
          null,
          null,
          null,
          1,
          null,
          1,
          0,
          null,
          null,
          1,
          0,
          null,
          null
        ]
      },
      "/Users/seancowans/tacticalwarefare/tactical_warfare/app/controllers/admin_controller.rb": {
        "lines": [
          1,
          1,
          2,
          1,
          null,
          null,
          null
        ]
      }
    },
    "timestamp": 1684870539
  }
}
